<?xml version="1.0" encoding="UTF-8"?>
<testng-results ignored="0" total="3" passed="3" failed="0" skipped="0">
  <reporter-output>
  </reporter-output>
  <suite started-at="2023-01-14T15:04:55 IST" name="Default suite" finished-at="2023-01-14T15:05:10 IST" duration-ms="14303">
    <groups>
    </groups>
    <test started-at="2023-01-14T15:04:55 IST" name="Default test" finished-at="2023-01-14T15:05:10 IST" duration-ms="14303">
      <class name="com.saucedemo.test.AllTestClass">
        <test-method is-config="true" signature="setUp()[pri:0, instance:com.saucedemo.test.AllTestClass@4de4b452]" started-at="2023-01-14T15:04:55 IST" name="setUp" finished-at="2023-01-14T15:04:59 IST" duration-ms="4046" status="PASS">
          <reporter-output>
          </reporter-output>
        </test-method> <!-- setUp -->
        <test-method is-config="true" signature="Login()[pri:0, instance:com.saucedemo.test.AllTestClass@4de4b452]" started-at="2023-01-14T15:04:59 IST" name="Login" finished-at="2023-01-14T15:05:01 IST" duration-ms="1612" status="PASS">
          <reporter-output>
          </reporter-output>
        </test-method> <!-- Login -->
        <test-method signature="Tc05_Buyproductfunctionality()[pri:1, instance:com.saucedemo.test.AllTestClass@4de4b452]" started-at="2023-01-14T15:05:01 IST" name="Tc05_Buyproductfunctionality" finished-at="2023-01-14T15:05:04 IST" duration-ms="2589" status="PASS">
          <reporter-output>
          </reporter-output>
        </test-method> <!-- Tc05_Buyproductfunctionality -->
        <test-method is-config="true" signature="Loggout()[pri:0, instance:com.saucedemo.test.AllTestClass@4de4b452]" started-at="2023-01-14T15:05:04 IST" name="Loggout" finished-at="2023-01-14T15:05:04 IST" duration-ms="528" status="PASS">
          <reporter-output>
          </reporter-output>
        </test-method> <!-- Loggout -->
        <test-method is-config="true" signature="Login()[pri:0, instance:com.saucedemo.test.AllTestClass@4de4b452]" started-at="2023-01-14T15:05:04 IST" name="Login" finished-at="2023-01-14T15:05:05 IST" duration-ms="1091" status="PASS">
          <reporter-output>
          </reporter-output>
        </test-method> <!-- Login -->
        <test-method signature="Tc03_verify_Pdclickandaddtocart()[pri:2, instance:com.saucedemo.test.AllTestClass@4de4b452]" started-at="2023-01-14T15:05:05 IST" name="Tc03_verify_Pdclickandaddtocart" finished-at="2023-01-14T15:05:06 IST" duration-ms="992" status="PASS">
          <reporter-output>
          </reporter-output>
        </test-method> <!-- Tc03_verify_Pdclickandaddtocart -->
        <test-method is-config="true" signature="Loggout()[pri:0, instance:com.saucedemo.test.AllTestClass@4de4b452]" started-at="2023-01-14T15:05:06 IST" name="Loggout" finished-at="2023-01-14T15:05:07 IST" duration-ms="629" status="PASS">
          <reporter-output>
          </reporter-output>
        </test-method> <!-- Loggout -->
        <test-method is-config="true" signature="Login()[pri:0, instance:com.saucedemo.test.AllTestClass@4de4b452]" started-at="2023-01-14T15:05:07 IST" name="Login" finished-at="2023-01-14T15:05:08 IST" duration-ms="929" status="PASS">
          <reporter-output>
          </reporter-output>
        </test-method> <!-- Login -->
        <test-method signature="Tc04_Addtocartallproductsfunctionlaity()[pri:3, instance:com.saucedemo.test.AllTestClass@4de4b452]" started-at="2023-01-14T15:05:08 IST" name="Tc04_Addtocartallproductsfunctionlaity" finished-at="2023-01-14T15:05:08 IST" duration-ms="685" status="PASS">
          <reporter-output>
          </reporter-output>
        </test-method> <!-- Tc04_Addtocartallproductsfunctionlaity -->
        <test-method is-config="true" signature="Loggout()[pri:0, instance:com.saucedemo.test.AllTestClass@4de4b452]" started-at="2023-01-14T15:05:08 IST" name="Loggout" finished-at="2023-01-14T15:05:09 IST" duration-ms="691" status="PASS">
          <reporter-output>
          </reporter-output>
        </test-method> <!-- Loggout -->
        <test-method is-config="true" signature="tearDown()[pri:0, instance:com.saucedemo.test.AllTestClass@4de4b452]" started-at="2023-01-14T15:05:09 IST" name="tearDown" finished-at="2023-01-14T15:05:10 IST" duration-ms="429" status="PASS">
          <reporter-output>
          </reporter-output>
        </test-method> <!-- tearDown -->
      </class> <!-- com.saucedemo.test.AllTestClass -->
    </test> <!-- Default test -->
  </suite> <!-- Default suite -->
</testng-results>
