<?xml version="1.0" encoding="UTF-8"?>
<testng-results ignored="0" total="3" passed="3" failed="0" skipped="0">
  <reporter-output>
  </reporter-output>
  <suite started-at="2023-01-14T18:03:35 IST" name="Default suite" finished-at="2023-01-14T18:03:47 IST" duration-ms="12303">
    <groups>
    </groups>
    <test started-at="2023-01-14T18:03:35 IST" name="Default test" finished-at="2023-01-14T18:03:47 IST" duration-ms="12303">
      <class name="com.saucedemo.test.AllTestClass">
        <test-method is-config="true" signature="setUp()[pri:0, instance:com.saucedemo.test.AllTestClass@4de4b452]" started-at="2023-01-14T18:03:35 IST" name="setUp" finished-at="2023-01-14T18:03:38 IST" duration-ms="2940" status="PASS">
          <reporter-output>
          </reporter-output>
        </test-method> <!-- setUp -->
        <test-method is-config="true" signature="Login()[pri:0, instance:com.saucedemo.test.AllTestClass@4de4b452]" started-at="2023-01-14T18:03:38 IST" name="Login" finished-at="2023-01-14T18:03:39 IST" duration-ms="1553" status="PASS">
          <reporter-output>
          </reporter-output>
        </test-method> <!-- Login -->
        <test-method signature="Tc05_Buyproductfunctionality()[pri:1, instance:com.saucedemo.test.AllTestClass@4de4b452]" started-at="2023-01-14T18:03:39 IST" name="Tc05_Buyproductfunctionality" finished-at="2023-01-14T18:03:42 IST" duration-ms="2405" status="PASS">
          <reporter-output>
          </reporter-output>
        </test-method> <!-- Tc05_Buyproductfunctionality -->
        <test-method is-config="true" signature="Loggout()[pri:0, instance:com.saucedemo.test.AllTestClass@4de4b452]" started-at="2023-01-14T18:03:42 IST" name="Loggout" finished-at="2023-01-14T18:03:42 IST" duration-ms="482" status="PASS">
          <reporter-output>
          </reporter-output>
        </test-method> <!-- Loggout -->
        <test-method is-config="true" signature="Login()[pri:0, instance:com.saucedemo.test.AllTestClass@4de4b452]" started-at="2023-01-14T18:03:42 IST" name="Login" finished-at="2023-01-14T18:03:43 IST" duration-ms="744" status="PASS">
          <reporter-output>
          </reporter-output>
        </test-method> <!-- Login -->
        <test-method signature="Tc03_verify_Pdclickandaddtocart()[pri:2, instance:com.saucedemo.test.AllTestClass@4de4b452]" started-at="2023-01-14T18:03:43 IST" name="Tc03_verify_Pdclickandaddtocart" finished-at="2023-01-14T18:03:44 IST" duration-ms="850" status="PASS">
          <reporter-output>
          </reporter-output>
        </test-method> <!-- Tc03_verify_Pdclickandaddtocart -->
        <test-method is-config="true" signature="Loggout()[pri:0, instance:com.saucedemo.test.AllTestClass@4de4b452]" started-at="2023-01-14T18:03:44 IST" name="Loggout" finished-at="2023-01-14T18:03:44 IST" duration-ms="573" status="PASS">
          <reporter-output>
          </reporter-output>
        </test-method> <!-- Loggout -->
        <test-method is-config="true" signature="Login()[pri:0, instance:com.saucedemo.test.AllTestClass@4de4b452]" started-at="2023-01-14T18:03:44 IST" name="Login" finished-at="2023-01-14T18:03:45 IST" duration-ms="796" status="PASS">
          <reporter-output>
          </reporter-output>
        </test-method> <!-- Login -->
        <test-method signature="Tc04_Addtocartallproductsfunctionlaity()[pri:3, instance:com.saucedemo.test.AllTestClass@4de4b452]" started-at="2023-01-14T18:03:45 IST" name="Tc04_Addtocartallproductsfunctionlaity" finished-at="2023-01-14T18:03:46 IST" duration-ms="778" status="PASS">
          <reporter-output>
          </reporter-output>
        </test-method> <!-- Tc04_Addtocartallproductsfunctionlaity -->
        <test-method is-config="true" signature="Loggout()[pri:0, instance:com.saucedemo.test.AllTestClass@4de4b452]" started-at="2023-01-14T18:03:46 IST" name="Loggout" finished-at="2023-01-14T18:03:46 IST" duration-ms="650" status="PASS">
          <reporter-output>
          </reporter-output>
        </test-method> <!-- Loggout -->
        <test-method is-config="true" signature="tearDown()[pri:0, instance:com.saucedemo.test.AllTestClass@4de4b452]" started-at="2023-01-14T18:03:46 IST" name="tearDown" finished-at="2023-01-14T18:03:47 IST" duration-ms="465" status="PASS">
          <reporter-output>
          </reporter-output>
        </test-method> <!-- tearDown -->
      </class> <!-- com.saucedemo.test.AllTestClass -->
    </test> <!-- Default test -->
  </suite> <!-- Default suite -->
</testng-results>
