<?xml version="1.0" encoding="UTF-8"?>
<!-- Generated by org.testng.reporters.JUnitXMLReporter -->
<testsuite ignored="0" hostname="DESKTOP-8IR8Q8T" failures="0" tests="3" name="Default test" time="12.303" errors="0" timestamp="2023-01-14T18:03:47 IST">
  <testcase classname="com.saucedemo.test.AllTestClass" name="Tc05_Buyproductfunctionality" time="2.405"/>
  <testcase classname="com.saucedemo.test.AllTestClass" name="Tc03_verify_Pdclickandaddtocart" time="0.85"/>
  <testcase classname="com.saucedemo.test.AllTestClass" name="Tc04_Addtocartallproductsfunctionlaity" time="0.778"/>
</testsuite> <!-- Default test -->
